CRITICAL - 2022-07-05 23:08:00 --> Undefined variable $connection
in APPPATH\Views\productos\productos.php on line 82.
 1 APPPATH\Views\productos\productos.php(82): CodeIgniter\Debug\Exceptions->errorHandler(2, 'Undefined variable $connection', 'APPPATH\\Views\\productos\\productos.php', 82)
 2 SYSTEMPATH\View\View.php(213): include('APPPATH\\Views\\productos\\productos.php')
 3 SYSTEMPATH\View\View.php(216): CodeIgniter\View\View->CodeIgniter\View\{closure}()
 4 SYSTEMPATH\Common.php(1135): CodeIgniter\View\View->render('productos/productos', [], true)
 5 APPPATH\Controllers\Productos.php(46): view('productos/productos', [...])
 6 SYSTEMPATH\CodeIgniter.php(898): App\Controllers\Productos->index()
 7 SYSTEMPATH\CodeIgniter.php(468): CodeIgniter\CodeIgniter->runController(Object(App\Controllers\Productos))
 8 SYSTEMPATH\CodeIgniter.php(351): CodeIgniter\CodeIgniter->handleRequest(null, Object(Config\Cache), false)
 9 FCPATH\index.php(55): CodeIgniter\CodeIgniter->run()
CRITICAL - 2022-07-05 23:10:23 --> Undefined variable $connection
in APPPATH\Views\productos\productos.php on line 83.
 1 APPPATH\Views\productos\productos.php(83): CodeIgniter\Debug\Exceptions->errorHandler(2, 'Undefined variable $connection', 'APPPATH\\Views\\productos\\productos.php', 83)
 2 SYSTEMPATH\View\View.php(213): include('APPPATH\\Views\\productos\\productos.php')
 3 SYSTEMPATH\View\View.php(216): CodeIgniter\View\View->CodeIgniter\View\{closure}()
 4 SYSTEMPATH\Common.php(1135): CodeIgniter\View\View->render('productos/productos', [], true)
 5 APPPATH\Controllers\Productos.php(46): view('productos/productos', [...])
 6 SYSTEMPATH\CodeIgniter.php(898): App\Controllers\Productos->index()
 7 SYSTEMPATH\CodeIgniter.php(468): CodeIgniter\CodeIgniter->runController(Object(App\Controllers\Productos))
 8 SYSTEMPATH\CodeIgniter.php(351): CodeIgniter\CodeIgniter->handleRequest(null, Object(Config\Cache), false)
 9 FCPATH\index.php(55): CodeIgniter\CodeIgniter->run()
CRITICAL - 2022-07-05 23:16:14 --> Undefined variable $connection
in APPPATH\Views\productos\productos.php on line 83.
 1 APPPATH\Views\productos\productos.php(83): CodeIgniter\Debug\Exceptions->errorHandler(2, 'Undefined variable $connection', 'APPPATH\\Views\\productos\\productos.php', 83)
 2 SYSTEMPATH\View\View.php(213): include('APPPATH\\Views\\productos\\productos.php')
 3 SYSTEMPATH\View\View.php(216): CodeIgniter\View\View->CodeIgniter\View\{closure}()
 4 SYSTEMPATH\Common.php(1135): CodeIgniter\View\View->render('productos/productos', [], true)
 5 APPPATH\Controllers\Productos.php(46): view('productos/productos', [...])
 6 SYSTEMPATH\CodeIgniter.php(898): App\Controllers\Productos->index()
 7 SYSTEMPATH\CodeIgniter.php(468): CodeIgniter\CodeIgniter->runController(Object(App\Controllers\Productos))
 8 SYSTEMPATH\CodeIgniter.php(351): CodeIgniter\CodeIgniter->handleRequest(null, Object(Config\Cache), false)
 9 FCPATH\index.php(55): CodeIgniter\CodeIgniter->run()
CRITICAL - 2022-07-05 23:29:22 --> Undefined variable $connection
in APPPATH\Views\productos\productos.php on line 123.
 1 APPPATH\Views\productos\productos.php(123): CodeIgniter\Debug\Exceptions->errorHandler(2, 'Undefined variable $connection', 'APPPATH\\Views\\productos\\productos.php', 123)
 2 SYSTEMPATH\View\View.php(213): include('APPPATH\\Views\\productos\\productos.php')
 3 SYSTEMPATH\View\View.php(216): CodeIgniter\View\View->CodeIgniter\View\{closure}()
 4 SYSTEMPATH\Common.php(1135): CodeIgniter\View\View->render('productos/productos', [], true)
 5 APPPATH\Controllers\Productos.php(46): view('productos/productos', [...])
 6 SYSTEMPATH\CodeIgniter.php(898): App\Controllers\Productos->index()
 7 SYSTEMPATH\CodeIgniter.php(468): CodeIgniter\CodeIgniter->runController(Object(App\Controllers\Productos))
 8 SYSTEMPATH\CodeIgniter.php(351): CodeIgniter\CodeIgniter->handleRequest(null, Object(Config\Cache), false)
 9 FCPATH\index.php(55): CodeIgniter\CodeIgniter->run()
CRITICAL - 2022-07-05 23:29:24 --> Undefined variable $connection
in APPPATH\Views\productos\productos.php on line 123.
 1 APPPATH\Views\productos\productos.php(123): CodeIgniter\Debug\Exceptions->errorHandler(2, 'Undefined variable $connection', 'APPPATH\\Views\\productos\\productos.php', 123)
 2 SYSTEMPATH\View\View.php(213): include('APPPATH\\Views\\productos\\productos.php')
 3 SYSTEMPATH\View\View.php(216): CodeIgniter\View\View->CodeIgniter\View\{closure}()
 4 SYSTEMPATH\Common.php(1135): CodeIgniter\View\View->render('productos/productos', [], true)
 5 APPPATH\Controllers\Productos.php(46): view('productos/productos', [...])
 6 SYSTEMPATH\CodeIgniter.php(898): App\Controllers\Productos->index()
 7 SYSTEMPATH\CodeIgniter.php(468): CodeIgniter\CodeIgniter->runController(Object(App\Controllers\Productos))
 8 SYSTEMPATH\CodeIgniter.php(351): CodeIgniter\CodeIgniter->handleRequest(null, Object(Config\Cache), false)
 9 FCPATH\index.php(55): CodeIgniter\CodeIgniter->run()
CRITICAL - 2022-07-05 23:47:09 --> Undefined variable $connection
in APPPATH\Views\productos\productos.php on line 129.
 1 APPPATH\Views\productos\productos.php(129): CodeIgniter\Debug\Exceptions->errorHandler(2, 'Undefined variable $connection', 'APPPATH\\Views\\productos\\productos.php', 129)
 2 SYSTEMPATH\View\View.php(213): include('APPPATH\\Views\\productos\\productos.php')
 3 SYSTEMPATH\View\View.php(216): CodeIgniter\View\View->CodeIgniter\View\{closure}()
 4 SYSTEMPATH\Common.php(1135): CodeIgniter\View\View->render('productos/productos', [], true)
 5 APPPATH\Controllers\Productos.php(46): view('productos/productos', [...])
 6 SYSTEMPATH\CodeIgniter.php(898): App\Controllers\Productos->index()
 7 SYSTEMPATH\CodeIgniter.php(468): CodeIgniter\CodeIgniter->runController(Object(App\Controllers\Productos))
 8 SYSTEMPATH\CodeIgniter.php(351): CodeIgniter\CodeIgniter->handleRequest(null, Object(Config\Cache), false)
 9 FCPATH\index.php(55): CodeIgniter\CodeIgniter->run()
CRITICAL - 2022-07-05 23:47:20 --> Undefined variable $connection
in APPPATH\Views\productos\productos.php on line 129.
 1 APPPATH\Views\productos\productos.php(129): CodeIgniter\Debug\Exceptions->errorHandler(2, 'Undefined variable $connection', 'APPPATH\\Views\\productos\\productos.php', 129)
 2 SYSTEMPATH\View\View.php(213): include('APPPATH\\Views\\productos\\productos.php')
 3 SYSTEMPATH\View\View.php(216): CodeIgniter\View\View->CodeIgniter\View\{closure}()
 4 SYSTEMPATH\Common.php(1135): CodeIgniter\View\View->render('productos/productos', [], true)
 5 APPPATH\Controllers\Productos.php(46): view('productos/productos', [...])
 6 SYSTEMPATH\CodeIgniter.php(898): App\Controllers\Productos->index()
 7 SYSTEMPATH\CodeIgniter.php(468): CodeIgniter\CodeIgniter->runController(Object(App\Controllers\Productos))
 8 SYSTEMPATH\CodeIgniter.php(351): CodeIgniter\CodeIgniter->handleRequest(null, Object(Config\Cache), false)
 9 FCPATH\index.php(55): CodeIgniter\CodeIgniter->run()
CRITICAL - 2022-07-05 23:54:05 --> Undefined variable $connection
in APPPATH\Views\productos\productos.php on line 130.
 1 APPPATH\Views\productos\productos.php(130): CodeIgniter\Debug\Exceptions->errorHandler(2, 'Undefined variable $connection', 'APPPATH\\Views\\productos\\productos.php', 130)
 2 SYSTEMPATH\View\View.php(213): include('APPPATH\\Views\\productos\\productos.php')
 3 SYSTEMPATH\View\View.php(216): CodeIgniter\View\View->CodeIgniter\View\{closure}()
 4 SYSTEMPATH\Common.php(1135): CodeIgniter\View\View->render('productos/productos', [], true)
 5 APPPATH\Controllers\Productos.php(46): view('productos/productos', [...])
 6 SYSTEMPATH\CodeIgniter.php(898): App\Controllers\Productos->index()
 7 SYSTEMPATH\CodeIgniter.php(468): CodeIgniter\CodeIgniter->runController(Object(App\Controllers\Productos))
 8 SYSTEMPATH\CodeIgniter.php(351): CodeIgniter\CodeIgniter->handleRequest(null, Object(Config\Cache), false)
 9 FCPATH\index.php(55): CodeIgniter\CodeIgniter->run()
CRITICAL - 2022-07-05 23:57:48 --> Call to undefined function mysql_query()
in APPPATH\Views\productos\productos.php on line 130.
 1 SYSTEMPATH\View\View.php(213): include()
 2 SYSTEMPATH\View\View.php(216): CodeIgniter\View\View->CodeIgniter\View\{closure}()
 3 SYSTEMPATH\Common.php(1135): CodeIgniter\View\View->render('productos/productos', [], true)
 4 APPPATH\Controllers\Productos.php(46): view('productos/productos', [...])
 5 SYSTEMPATH\CodeIgniter.php(898): App\Controllers\Productos->index()
 6 SYSTEMPATH\CodeIgniter.php(468): CodeIgniter\CodeIgniter->runController(Object(App\Controllers\Productos))
 7 SYSTEMPATH\CodeIgniter.php(351): CodeIgniter\CodeIgniter->handleRequest(null, Object(Config\Cache), false)
 8 FCPATH\index.php(55): CodeIgniter\CodeIgniter->run()
