ERROR - 2022-12-30 06:41:07 --> Cannot add or update a child row: a foreign key constraint fails (`pos`.`productos`, CONSTRAINT `fk_producto_unidad` FOREIGN KEY (`id_unidad`) REFERENCES `unidades` (`id`))
CRITICAL - 2022-12-30 06:41:07 --> Cannot add or update a child row: a foreign key constraint fails (`pos`.`productos`, CONSTRAINT `fk_producto_unidad` FOREIGN KEY (`id_unidad`) REFERENCES `unidades` (`id`))
in SYSTEMPATH\Database\MySQLi\Connection.php on line 292.
 1 SYSTEMPATH\Database\MySQLi\Connection.php(292): mysqli->query('INSERT INTO `productos` (`codigo`, `nombre`, `precio_venta`, `precio_compra`, `stock_minimo`, `inventariable`, `id_unidad`, `id_categoria`, `fecha_alta`) VALUES (\'000006\', \'Galletas\', \'4.00\', \'4.00\', \'5\', \'1\', \'\', \'\', \'2022-12-30 06:41:07\')', 0)
 2 SYSTEMPATH\Database\BaseConnection.php(678): CodeIgniter\Database\MySQLi\Connection->execute('INSERT INTO `productos` (`codigo`, `nombre`, `precio_venta`, `precio_compra`, `stock_minimo`, `inventariable`, `id_unidad`, `id_categoria`, `fecha_alta`) VALUES (\'000006\', \'Galletas\', \'4.00\', \'4.00\', \'5\', \'1\', \'\', \'\', \'2022-12-30 06:41:07\')')
 3 SYSTEMPATH\Database\BaseConnection.php(606): CodeIgniter\Database\BaseConnection->simpleQuery('INSERT INTO `productos` (`codigo`, `nombre`, `precio_venta`, `precio_compra`, `stock_minimo`, `inventariable`, `id_unidad`, `id_categoria`, `fecha_alta`) VALUES (\'000006\', \'Galletas\', \'4.00\', \'4.00\', \'5\', \'1\', \'\', \'\', \'2022-12-30 06:41:07\')')
 4 SYSTEMPATH\Database\BaseBuilder.php(1904): CodeIgniter\Database\BaseConnection->query('INSERT INTO `productos` (`codigo`, `nombre`, `precio_venta`, `precio_compra`, `stock_minimo`, `inventariable`, `id_unidad`, `id_categoria`, `fecha_alta`) VALUES (:codigo:, :nombre:, :precio_venta:, :precio_compra:, :stock_minimo:, :inventariable:, :id_unidad:, :id_categoria:, :fecha_alta:)', [...], false)
 5 SYSTEMPATH\Model.php(278): CodeIgniter\Database\BaseBuilder->insert()
 6 SYSTEMPATH\BaseModel.php(738): CodeIgniter\Model->doInsert([...])
 7 SYSTEMPATH\Model.php(666): CodeIgniter\BaseModel->insert([...], false)
 8 SYSTEMPATH\BaseModel.php(658): CodeIgniter\Model->insert([...], false)
 9 APPPATH\Controllers\Productos.php(81): CodeIgniter\BaseModel->save([...])
10 SYSTEMPATH\CodeIgniter.php(898): App\Controllers\Productos->insertar()
11 SYSTEMPATH\CodeIgniter.php(468): CodeIgniter\CodeIgniter->runController(Object(App\Controllers\Productos))
12 SYSTEMPATH\CodeIgniter.php(351): CodeIgniter\CodeIgniter->handleRequest(null, Object(Config\Cache), false)
13 FCPATH\index.php(55): CodeIgniter\CodeIgniter->run()
ERROR - 2022-12-30 06:42:02 --> Cannot add or update a child row: a foreign key constraint fails (`pos`.`productos`, CONSTRAINT `fk_producto_unidad` FOREIGN KEY (`id_unidad`) REFERENCES `unidades` (`id`))
CRITICAL - 2022-12-30 06:42:02 --> Cannot add or update a child row: a foreign key constraint fails (`pos`.`productos`, CONSTRAINT `fk_producto_unidad` FOREIGN KEY (`id_unidad`) REFERENCES `unidades` (`id`))
in SYSTEMPATH\Database\MySQLi\Connection.php on line 292.
 1 SYSTEMPATH\Database\MySQLi\Connection.php(292): mysqli->query('INSERT INTO `productos` (`codigo`, `nombre`, `precio_venta`, `precio_compra`, `stock_minimo`, `inventariable`, `id_unidad`, `id_categoria`, `fecha_alta`) VALUES (\'000006\', \'Galletas\', \'4.00\', \'4.00\', \'20\', \'1\', \'\', \'\', \'2022-12-30 06:42:02\')', 0)
 2 SYSTEMPATH\Database\BaseConnection.php(678): CodeIgniter\Database\MySQLi\Connection->execute('INSERT INTO `productos` (`codigo`, `nombre`, `precio_venta`, `precio_compra`, `stock_minimo`, `inventariable`, `id_unidad`, `id_categoria`, `fecha_alta`) VALUES (\'000006\', \'Galletas\', \'4.00\', \'4.00\', \'20\', \'1\', \'\', \'\', \'2022-12-30 06:42:02\')')
 3 SYSTEMPATH\Database\BaseConnection.php(606): CodeIgniter\Database\BaseConnection->simpleQuery('INSERT INTO `productos` (`codigo`, `nombre`, `precio_venta`, `precio_compra`, `stock_minimo`, `inventariable`, `id_unidad`, `id_categoria`, `fecha_alta`) VALUES (\'000006\', \'Galletas\', \'4.00\', \'4.00\', \'20\', \'1\', \'\', \'\', \'2022-12-30 06:42:02\')')
 4 SYSTEMPATH\Database\BaseBuilder.php(1904): CodeIgniter\Database\BaseConnection->query('INSERT INTO `productos` (`codigo`, `nombre`, `precio_venta`, `precio_compra`, `stock_minimo`, `inventariable`, `id_unidad`, `id_categoria`, `fecha_alta`) VALUES (:codigo:, :nombre:, :precio_venta:, :precio_compra:, :stock_minimo:, :inventariable:, :id_unidad:, :id_categoria:, :fecha_alta:)', [...], false)
 5 SYSTEMPATH\Model.php(278): CodeIgniter\Database\BaseBuilder->insert()
 6 SYSTEMPATH\BaseModel.php(738): CodeIgniter\Model->doInsert([...])
 7 SYSTEMPATH\Model.php(666): CodeIgniter\BaseModel->insert([...], false)
 8 SYSTEMPATH\BaseModel.php(658): CodeIgniter\Model->insert([...], false)
 9 APPPATH\Controllers\Productos.php(81): CodeIgniter\BaseModel->save([...])
10 SYSTEMPATH\CodeIgniter.php(898): App\Controllers\Productos->insertar()
11 SYSTEMPATH\CodeIgniter.php(468): CodeIgniter\CodeIgniter->runController(Object(App\Controllers\Productos))
12 SYSTEMPATH\CodeIgniter.php(351): CodeIgniter\CodeIgniter->handleRequest(null, Object(Config\Cache), false)
13 FCPATH\index.php(55): CodeIgniter\CodeIgniter->run()
ERROR - 2022-12-30 06:42:24 --> Duplicate entry '000001' for key 'codigo'
CRITICAL - 2022-12-30 06:42:24 --> Duplicate entry '000001' for key 'codigo'
in SYSTEMPATH\Database\MySQLi\Connection.php on line 292.
 1 SYSTEMPATH\Database\MySQLi\Connection.php(292): mysqli->query('UPDATE `productos` SET `codigo` = \'000001\', `nombre` = \'Torta\', `precio_venta` = \'25.00\', `precio_compra` = \'23.00\', `stock_minimo` = \'30\', `inventariable` = \'1\', `id_unidad` = \'1\', `id_categoria` = \'4\'
WHERE `productos`.`id` IN (\'11\')', 0)
 2 SYSTEMPATH\Database\BaseConnection.php(678): CodeIgniter\Database\MySQLi\Connection->execute('UPDATE `productos` SET `codigo` = \'000001\', `nombre` = \'Torta\', `precio_venta` = \'25.00\', `precio_compra` = \'23.00\', `stock_minimo` = \'30\', `inventariable` = \'1\', `id_unidad` = \'1\', `id_categoria` = \'4\'
WHERE `productos`.`id` IN (\'11\')')
 3 SYSTEMPATH\Database\BaseConnection.php(606): CodeIgniter\Database\BaseConnection->simpleQuery('UPDATE `productos` SET `codigo` = \'000001\', `nombre` = \'Torta\', `precio_venta` = \'25.00\', `precio_compra` = \'23.00\', `stock_minimo` = \'30\', `inventariable` = \'1\', `id_unidad` = \'1\', `id_categoria` = \'4\'
WHERE `productos`.`id` IN (\'11\')')
 4 SYSTEMPATH\Database\BaseBuilder.php(2046): CodeIgniter\Database\BaseConnection->query('UPDATE `productos` SET `codigo` = :codigo:, `nombre` = :nombre:, `precio_venta` = :precio_venta:, `precio_compra` = :precio_compra:, `stock_minimo` = :stock_minimo:, `inventariable` = :inventariable:, `id_unidad` = :id_unidad:, `id_categoria` = :id_categoria:
WHERE `productos`.`id` IN :productos.id:', [...], false)
 5 SYSTEMPATH\Model.php(337): CodeIgniter\Database\BaseBuilder->update()
 6 SYSTEMPATH\BaseModel.php(865): CodeIgniter\Model->doUpdate([...], [...])
 7 SYSTEMPATH\Model.php(692): CodeIgniter\BaseModel->update([...], [...])
 8 APPPATH\Controllers\Productos.php(139): CodeIgniter\Model->update('11', [...])
 9 SYSTEMPATH\CodeIgniter.php(898): App\Controllers\Productos->actualizar()
10 SYSTEMPATH\CodeIgniter.php(468): CodeIgniter\CodeIgniter->runController(Object(App\Controllers\Productos))
11 SYSTEMPATH\CodeIgniter.php(351): CodeIgniter\CodeIgniter->handleRequest(null, Object(Config\Cache), false)
12 FCPATH\index.php(55): CodeIgniter\CodeIgniter->run()
ERROR - 2022-12-30 06:55:41 --> Cannot add or update a child row: a foreign key constraint fails (`pos`.`productos`, CONSTRAINT `fk_producto_unidad` FOREIGN KEY (`id_unidad`) REFERENCES `unidades` (`id`))
CRITICAL - 2022-12-30 06:55:41 --> Cannot add or update a child row: a foreign key constraint fails (`pos`.`productos`, CONSTRAINT `fk_producto_unidad` FOREIGN KEY (`id_unidad`) REFERENCES `unidades` (`id`))
in SYSTEMPATH\Database\MySQLi\Connection.php on line 292.
 1 SYSTEMPATH\Database\MySQLi\Connection.php(292): mysqli->query('INSERT INTO `productos` (`codigo`, `nombre`, `precio_venta`, `precio_compra`, `stock_minimo`, `inventariable`, `id_unidad`, `id_categoria`, `fecha_alta`) VALUES (\'0000007\', \'Galletas\', \'4.00\', \'4.00\', \'20\', \'1\', \'\', \'3\', \'2022-12-30 06:55:41\')', 0)
 2 SYSTEMPATH\Database\BaseConnection.php(678): CodeIgniter\Database\MySQLi\Connection->execute('INSERT INTO `productos` (`codigo`, `nombre`, `precio_venta`, `precio_compra`, `stock_minimo`, `inventariable`, `id_unidad`, `id_categoria`, `fecha_alta`) VALUES (\'0000007\', \'Galletas\', \'4.00\', \'4.00\', \'20\', \'1\', \'\', \'3\', \'2022-12-30 06:55:41\')')
 3 SYSTEMPATH\Database\BaseConnection.php(606): CodeIgniter\Database\BaseConnection->simpleQuery('INSERT INTO `productos` (`codigo`, `nombre`, `precio_venta`, `precio_compra`, `stock_minimo`, `inventariable`, `id_unidad`, `id_categoria`, `fecha_alta`) VALUES (\'0000007\', \'Galletas\', \'4.00\', \'4.00\', \'20\', \'1\', \'\', \'3\', \'2022-12-30 06:55:41\')')
 4 SYSTEMPATH\Database\BaseBuilder.php(1904): CodeIgniter\Database\BaseConnection->query('INSERT INTO `productos` (`codigo`, `nombre`, `precio_venta`, `precio_compra`, `stock_minimo`, `inventariable`, `id_unidad`, `id_categoria`, `fecha_alta`) VALUES (:codigo:, :nombre:, :precio_venta:, :precio_compra:, :stock_minimo:, :inventariable:, :id_unidad:, :id_categoria:, :fecha_alta:)', [...], false)
 5 SYSTEMPATH\Model.php(278): CodeIgniter\Database\BaseBuilder->insert()
 6 SYSTEMPATH\BaseModel.php(738): CodeIgniter\Model->doInsert([...])
 7 SYSTEMPATH\Model.php(666): CodeIgniter\BaseModel->insert([...], false)
 8 SYSTEMPATH\BaseModel.php(658): CodeIgniter\Model->insert([...], false)
 9 APPPATH\Controllers\Productos.php(81): CodeIgniter\BaseModel->save([...])
10 SYSTEMPATH\CodeIgniter.php(898): App\Controllers\Productos->insertar()
11 SYSTEMPATH\CodeIgniter.php(468): CodeIgniter\CodeIgniter->runController(Object(App\Controllers\Productos))
12 SYSTEMPATH\CodeIgniter.php(351): CodeIgniter\CodeIgniter->handleRequest(null, Object(Config\Cache), false)
13 FCPATH\index.php(55): CodeIgniter\CodeIgniter->run()
ERROR - 2022-12-30 06:56:16 --> Cannot add or update a child row: a foreign key constraint fails (`pos`.`productos`, CONSTRAINT `fk_producto_categoria` FOREIGN KEY (`id_categoria`) REFERENCES `categorias` (`id`))
CRITICAL - 2022-12-30 06:56:16 --> Cannot add or update a child row: a foreign key constraint fails (`pos`.`productos`, CONSTRAINT `fk_producto_categoria` FOREIGN KEY (`id_categoria`) REFERENCES `categorias` (`id`))
in SYSTEMPATH\Database\MySQLi\Connection.php on line 292.
 1 SYSTEMPATH\Database\MySQLi\Connection.php(292): mysqli->query('INSERT INTO `productos` (`codigo`, `nombre`, `precio_venta`, `precio_compra`, `stock_minimo`, `inventariable`, `id_unidad`, `id_categoria`, `fecha_alta`) VALUES (\'000007\', \'Galletas\', \'4.00\', \'4.00\', \'20\', \'1\', \'1\', \'\', \'2022-12-30 06:56:16\')', 0)
 2 SYSTEMPATH\Database\BaseConnection.php(678): CodeIgniter\Database\MySQLi\Connection->execute('INSERT INTO `productos` (`codigo`, `nombre`, `precio_venta`, `precio_compra`, `stock_minimo`, `inventariable`, `id_unidad`, `id_categoria`, `fecha_alta`) VALUES (\'000007\', \'Galletas\', \'4.00\', \'4.00\', \'20\', \'1\', \'1\', \'\', \'2022-12-30 06:56:16\')')
 3 SYSTEMPATH\Database\BaseConnection.php(606): CodeIgniter\Database\BaseConnection->simpleQuery('INSERT INTO `productos` (`codigo`, `nombre`, `precio_venta`, `precio_compra`, `stock_minimo`, `inventariable`, `id_unidad`, `id_categoria`, `fecha_alta`) VALUES (\'000007\', \'Galletas\', \'4.00\', \'4.00\', \'20\', \'1\', \'1\', \'\', \'2022-12-30 06:56:16\')')
 4 SYSTEMPATH\Database\BaseBuilder.php(1904): CodeIgniter\Database\BaseConnection->query('INSERT INTO `productos` (`codigo`, `nombre`, `precio_venta`, `precio_compra`, `stock_minimo`, `inventariable`, `id_unidad`, `id_categoria`, `fecha_alta`) VALUES (:codigo:, :nombre:, :precio_venta:, :precio_compra:, :stock_minimo:, :inventariable:, :id_unidad:, :id_categoria:, :fecha_alta:)', [...], false)
 5 SYSTEMPATH\Model.php(278): CodeIgniter\Database\BaseBuilder->insert()
 6 SYSTEMPATH\BaseModel.php(738): CodeIgniter\Model->doInsert([...])
 7 SYSTEMPATH\Model.php(666): CodeIgniter\BaseModel->insert([...], false)
 8 SYSTEMPATH\BaseModel.php(658): CodeIgniter\Model->insert([...], false)
 9 APPPATH\Controllers\Productos.php(81): CodeIgniter\BaseModel->save([...])
10 SYSTEMPATH\CodeIgniter.php(898): App\Controllers\Productos->insertar()
11 SYSTEMPATH\CodeIgniter.php(468): CodeIgniter\CodeIgniter->runController(Object(App\Controllers\Productos))
12 SYSTEMPATH\CodeIgniter.php(351): CodeIgniter\CodeIgniter->handleRequest(null, Object(Config\Cache), false)
13 FCPATH\index.php(55): CodeIgniter\CodeIgniter->run()
