CRITICAL - 2022-06-29 13:52:22 --> Invalid file: tablas.php
in SYSTEMPATH\Exceptions\FrameworkException.php on line 33.
 1 SYSTEMPATH\View\View.php(201): CodeIgniter\Exceptions\FrameworkException::forInvalidFile('tablas.php')
 2 SYSTEMPATH\Common.php(1135): CodeIgniter\View\View->render('tablas', [], true)
 3 APPPATH\Controllers\Home.php(10): view('tablas')
 4 SYSTEMPATH\CodeIgniter.php(898): App\Controllers\Home->index()
 5 SYSTEMPATH\CodeIgniter.php(468): CodeIgniter\CodeIgniter->runController(Object(App\Controllers\Home))
 6 SYSTEMPATH\CodeIgniter.php(351): CodeIgniter\CodeIgniter->handleRequest(null, Object(Config\Cache), false)
 7 FCPATH\index.php(55): CodeIgniter\CodeIgniter->run()
CRITICAL - 2022-06-29 15:30:28 --> Class "App\Controllers\UnidadesModel" not found
in APPPATH\Controllers\Unidades.php on line 13.
 1 SYSTEMPATH\CodeIgniter.php(860): App\Controllers\Unidades->__construct()
 2 SYSTEMPATH\CodeIgniter.php(459): CodeIgniter\CodeIgniter->createController()
 3 SYSTEMPATH\CodeIgniter.php(351): CodeIgniter\CodeIgniter->handleRequest(null, Object(Config\Cache), false)
 4 FCPATH\index.php(55): CodeIgniter\CodeIgniter->run()
CRITICAL - 2022-06-29 15:31:06 --> Class "App\Controllers\UnidadesModel" not found
in APPPATH\Controllers\Unidades.php on line 13.
 1 SYSTEMPATH\CodeIgniter.php(860): App\Controllers\Unidades->__construct()
 2 SYSTEMPATH\CodeIgniter.php(459): CodeIgniter\CodeIgniter->createController()
 3 SYSTEMPATH\CodeIgniter.php(351): CodeIgniter\CodeIgniter->handleRequest(null, Object(Config\Cache), false)
 4 FCPATH\index.php(55): CodeIgniter\CodeIgniter->run()
CRITICAL - 2022-06-29 15:31:07 --> Class "App\Controllers\UnidadesModel" not found
in APPPATH\Controllers\Unidades.php on line 13.
 1 SYSTEMPATH\CodeIgniter.php(860): App\Controllers\Unidades->__construct()
 2 SYSTEMPATH\CodeIgniter.php(459): CodeIgniter\CodeIgniter->createController()
 3 SYSTEMPATH\CodeIgniter.php(351): CodeIgniter\CodeIgniter->handleRequest(null, Object(Config\Cache), false)
 4 FCPATH\index.php(55): CodeIgniter\CodeIgniter->run()
CRITICAL - 2022-06-29 15:31:09 --> Class "App\Controllers\UnidadesModel" not found
in APPPATH\Controllers\Unidades.php on line 13.
 1 SYSTEMPATH\CodeIgniter.php(860): App\Controllers\Unidades->__construct()
 2 SYSTEMPATH\CodeIgniter.php(459): CodeIgniter\CodeIgniter->createController()
 3 SYSTEMPATH\CodeIgniter.php(351): CodeIgniter\CodeIgniter->handleRequest(null, Object(Config\Cache), false)
 4 FCPATH\index.php(55): CodeIgniter\CodeIgniter->run()
CRITICAL - 2022-06-29 15:32:43 --> Class "App\Controllers\UnidadesModel" not found
in APPPATH\Controllers\Unidades.php on line 13.
 1 SYSTEMPATH\CodeIgniter.php(860): App\Controllers\Unidades->__construct()
 2 SYSTEMPATH\CodeIgniter.php(459): CodeIgniter\CodeIgniter->createController()
 3 SYSTEMPATH\CodeIgniter.php(351): CodeIgniter\CodeIgniter->handleRequest(null, Object(Config\Cache), false)
 4 FCPATH\index.php(55): CodeIgniter\CodeIgniter->run()
CRITICAL - 2022-06-29 15:32:44 --> Class "App\Controllers\UnidadesModel" not found
in APPPATH\Controllers\Unidades.php on line 13.
 1 SYSTEMPATH\CodeIgniter.php(860): App\Controllers\Unidades->__construct()
 2 SYSTEMPATH\CodeIgniter.php(459): CodeIgniter\CodeIgniter->createController()
 3 SYSTEMPATH\CodeIgniter.php(351): CodeIgniter\CodeIgniter->handleRequest(null, Object(Config\Cache), false)
 4 FCPATH\index.php(55): CodeIgniter\CodeIgniter->run()
CRITICAL - 2022-06-29 15:32:46 --> Class "App\Controllers\UnidadesModel" not found
in APPPATH\Controllers\Unidades.php on line 13.
 1 SYSTEMPATH\CodeIgniter.php(860): App\Controllers\Unidades->__construct()
 2 SYSTEMPATH\CodeIgniter.php(459): CodeIgniter\CodeIgniter->createController()
 3 SYSTEMPATH\CodeIgniter.php(351): CodeIgniter\CodeIgniter->handleRequest(null, Object(Config\Cache), false)
 4 FCPATH\index.php(55): CodeIgniter\CodeIgniter->run()
CRITICAL - 2022-06-29 15:34:24 --> Class "App\Controllers\UnidadesModel" not found
in APPPATH\Controllers\Unidades.php on line 13.
 1 SYSTEMPATH\CodeIgniter.php(860): App\Controllers\Unidades->__construct()
 2 SYSTEMPATH\CodeIgniter.php(459): CodeIgniter\CodeIgniter->createController()
 3 SYSTEMPATH\CodeIgniter.php(351): CodeIgniter\CodeIgniter->handleRequest(null, Object(Config\Cache), false)
 4 FCPATH\index.php(55): CodeIgniter\CodeIgniter->run()
CRITICAL - 2022-06-29 15:34:24 --> Class "App\Controllers\UnidadesModel" not found
in APPPATH\Controllers\Unidades.php on line 13.
 1 SYSTEMPATH\CodeIgniter.php(860): App\Controllers\Unidades->__construct()
 2 SYSTEMPATH\CodeIgniter.php(459): CodeIgniter\CodeIgniter->createController()
 3 SYSTEMPATH\CodeIgniter.php(351): CodeIgniter\CodeIgniter->handleRequest(null, Object(Config\Cache), false)
 4 FCPATH\index.php(55): CodeIgniter\CodeIgniter->run()
CRITICAL - 2022-06-29 15:34:24 --> Class "App\Controllers\UnidadesModel" not found
in APPPATH\Controllers\Unidades.php on line 13.
 1 SYSTEMPATH\CodeIgniter.php(860): App\Controllers\Unidades->__construct()
 2 SYSTEMPATH\CodeIgniter.php(459): CodeIgniter\CodeIgniter->createController()
 3 SYSTEMPATH\CodeIgniter.php(351): CodeIgniter\CodeIgniter->handleRequest(null, Object(Config\Cache), false)
 4 FCPATH\index.php(55): CodeIgniter\CodeIgniter->run()
CRITICAL - 2022-06-29 15:34:24 --> Class "App\Controllers\UnidadesModel" not found
in APPPATH\Controllers\Unidades.php on line 13.
 1 SYSTEMPATH\CodeIgniter.php(860): App\Controllers\Unidades->__construct()
 2 SYSTEMPATH\CodeIgniter.php(459): CodeIgniter\CodeIgniter->createController()
 3 SYSTEMPATH\CodeIgniter.php(351): CodeIgniter\CodeIgniter->handleRequest(null, Object(Config\Cache), false)
 4 FCPATH\index.php(55): CodeIgniter\CodeIgniter->run()
CRITICAL - 2022-06-29 15:34:59 --> Class "App\Controllers\UnidadesModel" not found
in APPPATH\Controllers\Unidades.php on line 13.
 1 SYSTEMPATH\CodeIgniter.php(860): App\Controllers\Unidades->__construct()
 2 SYSTEMPATH\CodeIgniter.php(459): CodeIgniter\CodeIgniter->createController()
 3 SYSTEMPATH\CodeIgniter.php(351): CodeIgniter\CodeIgniter->handleRequest(null, Object(Config\Cache), false)
 4 FCPATH\index.php(55): CodeIgniter\CodeIgniter->run()
CRITICAL - 2022-06-29 15:35:00 --> Class "App\Controllers\UnidadesModel" not found
in APPPATH\Controllers\Unidades.php on line 13.
 1 SYSTEMPATH\CodeIgniter.php(860): App\Controllers\Unidades->__construct()
 2 SYSTEMPATH\CodeIgniter.php(459): CodeIgniter\CodeIgniter->createController()
 3 SYSTEMPATH\CodeIgniter.php(351): CodeIgniter\CodeIgniter->handleRequest(null, Object(Config\Cache), false)
 4 FCPATH\index.php(55): CodeIgniter\CodeIgniter->run()
CRITICAL - 2022-06-29 15:36:07 --> Class "App\Controllers\UnidadesModel" not found
in APPPATH\Controllers\Unidades.php on line 13.
 1 SYSTEMPATH\CodeIgniter.php(860): App\Controllers\Unidades->__construct()
 2 SYSTEMPATH\CodeIgniter.php(459): CodeIgniter\CodeIgniter->createController()
 3 SYSTEMPATH\CodeIgniter.php(351): CodeIgniter\CodeIgniter->handleRequest(null, Object(Config\Cache), false)
 4 FCPATH\index.php(55): CodeIgniter\CodeIgniter->run()
CRITICAL - 2022-06-29 15:36:08 --> Class "App\Controllers\UnidadesModel" not found
in APPPATH\Controllers\Unidades.php on line 13.
 1 SYSTEMPATH\CodeIgniter.php(860): App\Controllers\Unidades->__construct()
 2 SYSTEMPATH\CodeIgniter.php(459): CodeIgniter\CodeIgniter->createController()
 3 SYSTEMPATH\CodeIgniter.php(351): CodeIgniter\CodeIgniter->handleRequest(null, Object(Config\Cache), false)
 4 FCPATH\index.php(55): CodeIgniter\CodeIgniter->run()
CRITICAL - 2022-06-29 15:36:10 --> Class "App\Controllers\UnidadesModel" not found
in APPPATH\Controllers\Unidades.php on line 13.
 1 SYSTEMPATH\CodeIgniter.php(860): App\Controllers\Unidades->__construct()
 2 SYSTEMPATH\CodeIgniter.php(459): CodeIgniter\CodeIgniter->createController()
 3 SYSTEMPATH\CodeIgniter.php(351): CodeIgniter\CodeIgniter->handleRequest(null, Object(Config\Cache), false)
 4 FCPATH\index.php(55): CodeIgniter\CodeIgniter->run()
CRITICAL - 2022-06-29 17:12:22 --> Call to undefined function App\Controllers\save()
in APPPATH\Controllers\Unidades.php on line 38.
 1 SYSTEMPATH\CodeIgniter.php(898): App\Controllers\Unidades->insertar()
 2 SYSTEMPATH\CodeIgniter.php(468): CodeIgniter\CodeIgniter->runController(Object(App\Controllers\Unidades))
 3 SYSTEMPATH\CodeIgniter.php(351): CodeIgniter\CodeIgniter->handleRequest(null, Object(Config\Cache), false)
 4 FCPATH\index.php(55): CodeIgniter\CodeIgniter->run()
CRITICAL - 2022-06-29 17:12:47 --> Call to undefined function App\Controllers\save()
in APPPATH\Controllers\Unidades.php on line 38.
 1 SYSTEMPATH\CodeIgniter.php(898): App\Controllers\Unidades->insertar()
 2 SYSTEMPATH\CodeIgniter.php(468): CodeIgniter\CodeIgniter->runController(Object(App\Controllers\Unidades))
 3 SYSTEMPATH\CodeIgniter.php(351): CodeIgniter\CodeIgniter->handleRequest(null, Object(Config\Cache), false)
 4 FCPATH\index.php(55): CodeIgniter\CodeIgniter->run()
CRITICAL - 2022-06-29 17:13:48 --> Call to undefined function App\Controllers\save()
in APPPATH\Controllers\Unidades.php on line 38.
 1 SYSTEMPATH\CodeIgniter.php(898): App\Controllers\Unidades->insertar()
 2 SYSTEMPATH\CodeIgniter.php(468): CodeIgniter\CodeIgniter->runController(Object(App\Controllers\Unidades))
 3 SYSTEMPATH\CodeIgniter.php(351): CodeIgniter\CodeIgniter->handleRequest(null, Object(Config\Cache), false)
 4 FCPATH\index.php(55): CodeIgniter\CodeIgniter->run()
CRITICAL - 2022-06-29 17:13:55 --> Call to undefined function App\Controllers\save()
in APPPATH\Controllers\Unidades.php on line 38.
 1 SYSTEMPATH\CodeIgniter.php(898): App\Controllers\Unidades->insertar()
 2 SYSTEMPATH\CodeIgniter.php(468): CodeIgniter\CodeIgniter->runController(Object(App\Controllers\Unidades))
 3 SYSTEMPATH\CodeIgniter.php(351): CodeIgniter\CodeIgniter->handleRequest(null, Object(Config\Cache), false)
 4 FCPATH\index.php(55): CodeIgniter\CodeIgniter->run()
CRITICAL - 2022-06-29 17:39:14 --> Undefined variable $id
in APPPATH\Controllers\Unidades.php on line 50.
 1 APPPATH\Controllers\Unidades.php(50): CodeIgniter\Debug\Exceptions->errorHandler(2, 'Undefined variable $id', 'APPPATH\\Controllers\\Unidades.php', 50)
 2 SYSTEMPATH\CodeIgniter.php(898): App\Controllers\Unidades->editar('1')
 3 SYSTEMPATH\CodeIgniter.php(468): CodeIgniter\CodeIgniter->runController(Object(App\Controllers\Unidades))
 4 SYSTEMPATH\CodeIgniter.php(351): CodeIgniter\CodeIgniter->handleRequest(null, Object(Config\Cache), false)
 5 FCPATH\index.php(55): CodeIgniter\CodeIgniter->run()
CRITICAL - 2022-06-29 19:09:00 --> Class "App\Models\CategoriasModel" not found
in APPPATH\Controllers\Categorias.php on line 14.
 1 SYSTEMPATH\CodeIgniter.php(860): App\Controllers\Categorias->__construct()
 2 SYSTEMPATH\CodeIgniter.php(459): CodeIgniter\CodeIgniter->createController()
 3 SYSTEMPATH\CodeIgniter.php(351): CodeIgniter\CodeIgniter->handleRequest(null, Object(Config\Cache), false)
 4 FCPATH\index.php(55): CodeIgniter\CodeIgniter->run()
CRITICAL - 2022-06-29 20:31:44 --> Undefined property: App\Controllers\Unidades::$validation
in APPPATH\Controllers\Unidades.php on line 54.
 1 APPPATH\Controllers\Unidades.php(54): CodeIgniter\Debug\Exceptions->errorHandler(2, 'Undefined property: App\\Controllers\\Unidades::$validation', 'APPPATH\\Controllers\\Unidades.php', 54)
 2 SYSTEMPATH\CodeIgniter.php(898): App\Controllers\Unidades->insertar()
 3 SYSTEMPATH\CodeIgniter.php(468): CodeIgniter\CodeIgniter->runController(Object(App\Controllers\Unidades))
 4 SYSTEMPATH\CodeIgniter.php(351): CodeIgniter\CodeIgniter->handleRequest(null, Object(Config\Cache), false)
 5 FCPATH\index.php(55): CodeIgniter\CodeIgniter->run()
CRITICAL - 2022-06-29 20:33:03 --> Undefined property: App\Controllers\Unidades::$validate
in APPPATH\Controllers\Unidades.php on line 54.
 1 APPPATH\Controllers\Unidades.php(54): CodeIgniter\Debug\Exceptions->errorHandler(2, 'Undefined property: App\\Controllers\\Unidades::$validate', 'APPPATH\\Controllers\\Unidades.php', 54)
 2 SYSTEMPATH\CodeIgniter.php(898): App\Controllers\Unidades->insertar()
 3 SYSTEMPATH\CodeIgniter.php(468): CodeIgniter\CodeIgniter->runController(Object(App\Controllers\Unidades))
 4 SYSTEMPATH\CodeIgniter.php(351): CodeIgniter\CodeIgniter->handleRequest(null, Object(Config\Cache), false)
 5 FCPATH\index.php(55): CodeIgniter\CodeIgniter->run()
CRITICAL - 2022-06-29 20:33:33 --> Undefined property: App\Controllers\Unidades::$validate
in APPPATH\Controllers\Unidades.php on line 54.
 1 APPPATH\Controllers\Unidades.php(54): CodeIgniter\Debug\Exceptions->errorHandler(2, 'Undefined property: App\\Controllers\\Unidades::$validate', 'APPPATH\\Controllers\\Unidades.php', 54)
 2 SYSTEMPATH\CodeIgniter.php(898): App\Controllers\Unidades->insertar()
 3 SYSTEMPATH\CodeIgniter.php(468): CodeIgniter\CodeIgniter->runController(Object(App\Controllers\Unidades))
 4 SYSTEMPATH\CodeIgniter.php(351): CodeIgniter\CodeIgniter->handleRequest(null, Object(Config\Cache), false)
 5 FCPATH\index.php(55): CodeIgniter\CodeIgniter->run()
CRITICAL - 2022-06-29 22:31:41 --> Class "App\Controllers\CategoriasModel" not found
in APPPATH\Controllers\Productos.php on line 18.
 1 SYSTEMPATH\CodeIgniter.php(860): App\Controllers\Productos->__construct()
 2 SYSTEMPATH\CodeIgniter.php(459): CodeIgniter\CodeIgniter->createController()
 3 SYSTEMPATH\CodeIgniter.php(351): CodeIgniter\CodeIgniter->handleRequest(null, Object(Config\Cache), false)
 4 FCPATH\index.php(55): CodeIgniter\CodeIgniter->run()
CRITICAL - 2022-06-29 23:06:44 --> Undefined variable $datos
in APPPATH\Views\productos\editar.php on line 7.
 1 APPPATH\Views\productos\editar.php(7): CodeIgniter\Debug\Exceptions->errorHandler(2, 'Undefined variable $datos', 'APPPATH\\Views\\productos\\editar.php', 7)
 2 SYSTEMPATH\View\View.php(213): include('APPPATH\\Views\\productos\\editar.php')
 3 SYSTEMPATH\View\View.php(216): CodeIgniter\View\View->CodeIgniter\View\{closure}()
 4 SYSTEMPATH\Common.php(1135): CodeIgniter\View\View->render('productos/editar', [], true)
 5 APPPATH\Controllers\Productos.php(86): view('productos/editar', [...])
 6 SYSTEMPATH\CodeIgniter.php(898): App\Controllers\Productos->editar('1')
 7 SYSTEMPATH\CodeIgniter.php(468): CodeIgniter\CodeIgniter->runController(Object(App\Controllers\Productos))
 8 SYSTEMPATH\CodeIgniter.php(351): CodeIgniter\CodeIgniter->handleRequest(null, Object(Config\Cache), false)
 9 FCPATH\index.php(55): CodeIgniter\CodeIgniter->run()
CRITICAL - 2022-06-29 23:30:24 --> Undefined variable $producto
in APPPATH\Views\productos\editar.php on line 38.
 1 APPPATH\Views\productos\editar.php(38): CodeIgniter\Debug\Exceptions->errorHandler(2, 'Undefined variable $producto', 'APPPATH\\Views\\productos\\editar.php', 38)
 2 SYSTEMPATH\View\View.php(213): include('APPPATH\\Views\\productos\\editar.php')
 3 SYSTEMPATH\View\View.php(216): CodeIgniter\View\View->CodeIgniter\View\{closure}()
 4 SYSTEMPATH\Common.php(1135): CodeIgniter\View\View->render('productos/editar', [], true)
 5 APPPATH\Controllers\Productos.php(86): view('productos/editar', [...])
 6 SYSTEMPATH\CodeIgniter.php(898): App\Controllers\Productos->editar('1')
 7 SYSTEMPATH\CodeIgniter.php(468): CodeIgniter\CodeIgniter->runController(Object(App\Controllers\Productos))
 8 SYSTEMPATH\CodeIgniter.php(351): CodeIgniter\CodeIgniter->handleRequest(null, Object(Config\Cache), false)
 9 FCPATH\index.php(55): CodeIgniter\CodeIgniter->run()
CRITICAL - 2022-06-29 23:31:19 --> syntax error, unexpected token "}", expecting "," or ";"
in APPPATH\Views\productos\editar.php on line 38.
 1 SYSTEMPATH\View\View.php(216): CodeIgniter\View\View->CodeIgniter\View\{closure}()
 2 SYSTEMPATH\Common.php(1135): CodeIgniter\View\View->render('productos/editar', [], true)
 3 APPPATH\Controllers\Productos.php(86): view('productos/editar', [...])
 4 SYSTEMPATH\CodeIgniter.php(898): App\Controllers\Productos->editar('1')
 5 SYSTEMPATH\CodeIgniter.php(468): CodeIgniter\CodeIgniter->runController(Object(App\Controllers\Productos))
 6 SYSTEMPATH\CodeIgniter.php(351): CodeIgniter\CodeIgniter->handleRequest(null, Object(Config\Cache), false)
 7 FCPATH\index.php(55): CodeIgniter\CodeIgniter->run()
CRITICAL - 2022-06-29 23:31:36 --> Undefined variable $producto
in APPPATH\Views\productos\editar.php on line 38.
 1 APPPATH\Views\productos\editar.php(38): CodeIgniter\Debug\Exceptions->errorHandler(2, 'Undefined variable $producto', 'APPPATH\\Views\\productos\\editar.php', 38)
 2 SYSTEMPATH\View\View.php(213): include('APPPATH\\Views\\productos\\editar.php')
 3 SYSTEMPATH\View\View.php(216): CodeIgniter\View\View->CodeIgniter\View\{closure}()
 4 SYSTEMPATH\Common.php(1135): CodeIgniter\View\View->render('productos/editar', [], true)
 5 APPPATH\Controllers\Productos.php(86): view('productos/editar', [...])
 6 SYSTEMPATH\CodeIgniter.php(898): App\Controllers\Productos->editar('1')
 7 SYSTEMPATH\CodeIgniter.php(468): CodeIgniter\CodeIgniter->runController(Object(App\Controllers\Productos))
 8 SYSTEMPATH\CodeIgniter.php(351): CodeIgniter\CodeIgniter->handleRequest(null, Object(Config\Cache), false)
 9 FCPATH\index.php(55): CodeIgniter\CodeIgniter->run()
CRITICAL - 2022-06-29 23:34:22 --> Undefined variable $producto
in APPPATH\Views\productos\editar.php on line 37.
 1 APPPATH\Views\productos\editar.php(37): CodeIgniter\Debug\Exceptions->errorHandler(2, 'Undefined variable $producto', 'APPPATH\\Views\\productos\\editar.php', 37)
 2 SYSTEMPATH\View\View.php(213): include('APPPATH\\Views\\productos\\editar.php')
 3 SYSTEMPATH\View\View.php(216): CodeIgniter\View\View->CodeIgniter\View\{closure}()
 4 SYSTEMPATH\Common.php(1135): CodeIgniter\View\View->render('productos/editar', [], true)
 5 APPPATH\Controllers\Productos.php(86): view('productos/editar', [...])
 6 SYSTEMPATH\CodeIgniter.php(898): App\Controllers\Productos->editar('1')
 7 SYSTEMPATH\CodeIgniter.php(468): CodeIgniter\CodeIgniter->runController(Object(App\Controllers\Productos))
 8 SYSTEMPATH\CodeIgniter.php(351): CodeIgniter\CodeIgniter->handleRequest(null, Object(Config\Cache), false)
 9 FCPATH\index.php(55): CodeIgniter\CodeIgniter->run()
CRITICAL - 2022-06-29 23:35:37 --> Undefined variable $producto
in APPPATH\Views\productos\editar.php on line 37.
 1 APPPATH\Views\productos\editar.php(37): CodeIgniter\Debug\Exceptions->errorHandler(2, 'Undefined variable $producto', 'APPPATH\\Views\\productos\\editar.php', 37)
 2 SYSTEMPATH\View\View.php(213): include('APPPATH\\Views\\productos\\editar.php')
 3 SYSTEMPATH\View\View.php(216): CodeIgniter\View\View->CodeIgniter\View\{closure}()
 4 SYSTEMPATH\Common.php(1135): CodeIgniter\View\View->render('productos/editar', [], true)
 5 APPPATH\Controllers\Productos.php(86): view('productos/editar', [...])
 6 SYSTEMPATH\CodeIgniter.php(898): App\Controllers\Productos->editar('1')
 7 SYSTEMPATH\CodeIgniter.php(468): CodeIgniter\CodeIgniter->runController(Object(App\Controllers\Productos))
 8 SYSTEMPATH\CodeIgniter.php(351): CodeIgniter\CodeIgniter->handleRequest(null, Object(Config\Cache), false)
 9 FCPATH\index.php(55): CodeIgniter\CodeIgniter->run()
CRITICAL - 2022-06-29 23:38:47 --> Undefined variable $producto
in APPPATH\Views\productos\editar.php on line 37.
 1 APPPATH\Views\productos\editar.php(37): CodeIgniter\Debug\Exceptions->errorHandler(2, 'Undefined variable $producto', 'APPPATH\\Views\\productos\\editar.php', 37)
 2 SYSTEMPATH\View\View.php(213): include('APPPATH\\Views\\productos\\editar.php')
 3 SYSTEMPATH\View\View.php(216): CodeIgniter\View\View->CodeIgniter\View\{closure}()
 4 SYSTEMPATH\Common.php(1135): CodeIgniter\View\View->render('productos/editar', [], true)
 5 APPPATH\Controllers\Productos.php(86): view('productos/editar', [...])
 6 SYSTEMPATH\CodeIgniter.php(898): App\Controllers\Productos->editar('1')
 7 SYSTEMPATH\CodeIgniter.php(468): CodeIgniter\CodeIgniter->runController(Object(App\Controllers\Productos))
 8 SYSTEMPATH\CodeIgniter.php(351): CodeIgniter\CodeIgniter->handleRequest(null, Object(Config\Cache), false)
 9 FCPATH\index.php(55): CodeIgniter\CodeIgniter->run()
CRITICAL - 2022-06-29 23:38:48 --> Undefined variable $producto
in APPPATH\Views\productos\editar.php on line 37.
 1 APPPATH\Views\productos\editar.php(37): CodeIgniter\Debug\Exceptions->errorHandler(2, 'Undefined variable $producto', 'APPPATH\\Views\\productos\\editar.php', 37)
 2 SYSTEMPATH\View\View.php(213): include('APPPATH\\Views\\productos\\editar.php')
 3 SYSTEMPATH\View\View.php(216): CodeIgniter\View\View->CodeIgniter\View\{closure}()
 4 SYSTEMPATH\Common.php(1135): CodeIgniter\View\View->render('productos/editar', [], true)
 5 APPPATH\Controllers\Productos.php(86): view('productos/editar', [...])
 6 SYSTEMPATH\CodeIgniter.php(898): App\Controllers\Productos->editar('1')
 7 SYSTEMPATH\CodeIgniter.php(468): CodeIgniter\CodeIgniter->runController(Object(App\Controllers\Productos))
 8 SYSTEMPATH\CodeIgniter.php(351): CodeIgniter\CodeIgniter->handleRequest(null, Object(Config\Cache), false)
 9 FCPATH\index.php(55): CodeIgniter\CodeIgniter->run()
CRITICAL - 2022-06-29 23:39:08 --> Undefined variable $producto
in APPPATH\Views\productos\editar.php on line 48.
 1 APPPATH\Views\productos\editar.php(48): CodeIgniter\Debug\Exceptions->errorHandler(2, 'Undefined variable $producto', 'APPPATH\\Views\\productos\\editar.php', 48)
 2 SYSTEMPATH\View\View.php(213): include('APPPATH\\Views\\productos\\editar.php')
 3 SYSTEMPATH\View\View.php(216): CodeIgniter\View\View->CodeIgniter\View\{closure}()
 4 SYSTEMPATH\Common.php(1135): CodeIgniter\View\View->render('productos/editar', [], true)
 5 APPPATH\Controllers\Productos.php(86): view('productos/editar', [...])
 6 SYSTEMPATH\CodeIgniter.php(898): App\Controllers\Productos->editar('1')
 7 SYSTEMPATH\CodeIgniter.php(468): CodeIgniter\CodeIgniter->runController(Object(App\Controllers\Productos))
 8 SYSTEMPATH\CodeIgniter.php(351): CodeIgniter\CodeIgniter->handleRequest(null, Object(Config\Cache), false)
 9 FCPATH\index.php(55): CodeIgniter\CodeIgniter->run()
CRITICAL - 2022-06-29 23:41:58 --> Undefined variable $producto
in APPPATH\Views\productos\editar.php on line 82.
 1 APPPATH\Views\productos\editar.php(82): CodeIgniter\Debug\Exceptions->errorHandler(2, 'Undefined variable $producto', 'APPPATH\\Views\\productos\\editar.php', 82)
 2 SYSTEMPATH\View\View.php(213): include('APPPATH\\Views\\productos\\editar.php')
 3 SYSTEMPATH\View\View.php(216): CodeIgniter\View\View->CodeIgniter\View\{closure}()
 4 SYSTEMPATH\Common.php(1135): CodeIgniter\View\View->render('productos/editar', [], true)
 5 APPPATH\Controllers\Productos.php(86): view('productos/editar', [...])
 6 SYSTEMPATH\CodeIgniter.php(898): App\Controllers\Productos->editar('1')
 7 SYSTEMPATH\CodeIgniter.php(468): CodeIgniter\CodeIgniter->runController(Object(App\Controllers\Productos))
 8 SYSTEMPATH\CodeIgniter.php(351): CodeIgniter\CodeIgniter->handleRequest(null, Object(Config\Cache), false)
 9 FCPATH\index.php(55): CodeIgniter\CodeIgniter->run()
