CRITICAL - 2022-06-30 01:11:25 --> Undefined array key "nombre_corto"
in APPPATH\Views\productos\eliminados.php on line 34.
 1 APPPATH\Views\productos\eliminados.php(34): CodeIgniter\Debug\Exceptions->errorHandler(2, 'Undefined array key "nombre_corto"', 'APPPATH\\Views\\productos\\eliminados.php', 34)
 2 SYSTEMPATH\View\View.php(213): include('APPPATH\\Views\\productos\\eliminados.php')
 3 SYSTEMPATH\View\View.php(216): CodeIgniter\View\View->CodeIgniter\View\{closure}()
 4 SYSTEMPATH\Common.php(1135): CodeIgniter\View\View->render('productos/eliminados', [], true)
 5 APPPATH\Controllers\Productos.php(121): view('productos/eliminados', [...])
 6 SYSTEMPATH\CodeIgniter.php(898): App\Controllers\Productos->eliminados()
 7 SYSTEMPATH\CodeIgniter.php(468): CodeIgniter\CodeIgniter->runController(Object(App\Controllers\Productos))
 8 SYSTEMPATH\CodeIgniter.php(351): CodeIgniter\CodeIgniter->handleRequest(null, Object(Config\Cache), false)
 9 FCPATH\index.php(55): CodeIgniter\CodeIgniter->run()
CRITICAL - 2022-06-30 02:30:17 --> Object of type CodeIgniter\Validation\Validation is not callable
in APPPATH\Views\unidades\nuevo.php on line 8.
 1 SYSTEMPATH\View\View.php(213): include()
 2 SYSTEMPATH\View\View.php(216): CodeIgniter\View\View->CodeIgniter\View\{closure}()
 3 SYSTEMPATH\Common.php(1135): CodeIgniter\View\View->render('unidades/nuevo', [], true)
 4 APPPATH\Controllers\Unidades.php(71): view('unidades/nuevo', [...])
 5 SYSTEMPATH\CodeIgniter.php(898): App\Controllers\Unidades->insertar()
 6 SYSTEMPATH\CodeIgniter.php(468): CodeIgniter\CodeIgniter->runController(Object(App\Controllers\Unidades))
 7 SYSTEMPATH\CodeIgniter.php(351): CodeIgniter\CodeIgniter->handleRequest(null, Object(Config\Cache), false)
 8 FCPATH\index.php(55): CodeIgniter\CodeIgniter->run()
CRITICAL - 2022-06-30 02:31:25 --> Object of type CodeIgniter\Validation\Validation is not callable
in APPPATH\Views\unidades\nuevo.php on line 8.
 1 SYSTEMPATH\View\View.php(213): include()
 2 SYSTEMPATH\View\View.php(216): CodeIgniter\View\View->CodeIgniter\View\{closure}()
 3 SYSTEMPATH\Common.php(1135): CodeIgniter\View\View->render('unidades/nuevo', [], true)
 4 APPPATH\Controllers\Unidades.php(71): view('unidades/nuevo', [...])
 5 SYSTEMPATH\CodeIgniter.php(898): App\Controllers\Unidades->insertar()
 6 SYSTEMPATH\CodeIgniter.php(468): CodeIgniter\CodeIgniter->runController(Object(App\Controllers\Unidades))
 7 SYSTEMPATH\CodeIgniter.php(351): CodeIgniter\CodeIgniter->handleRequest(null, Object(Config\Cache), false)
 8 FCPATH\index.php(55): CodeIgniter\CodeIgniter->run()
ERROR - 2022-06-30 02:50:54 --> Duplicate entry '2343' for key 'codigo'
CRITICAL - 2022-06-30 02:50:54 --> Duplicate entry '2343' for key 'codigo'
in SYSTEMPATH\Database\MySQLi\Connection.php on line 292.
 1 SYSTEMPATH\Database\MySQLi\Connection.php(292): mysqli->query('INSERT INTO `productos` (`codigo`, `nombre`, `precio_venta`, `precio_compra`, `stock_minimo`, `inventariable`, `id_unidad`, `id_categoria`, `fecha_alta`, `fecha_edit`) VALUES (\'2343\', \'Jamon\', \'12.00\', \'10.00\', \'6\', \'1\', \'1\', \'2\', \'2022-06-30 02:50:54\', \'2022-06-30 02:50:54\')', 0)
 2 SYSTEMPATH\Database\BaseConnection.php(678): CodeIgniter\Database\MySQLi\Connection->execute('INSERT INTO `productos` (`codigo`, `nombre`, `precio_venta`, `precio_compra`, `stock_minimo`, `inventariable`, `id_unidad`, `id_categoria`, `fecha_alta`, `fecha_edit`) VALUES (\'2343\', \'Jamon\', \'12.00\', \'10.00\', \'6\', \'1\', \'1\', \'2\', \'2022-06-30 02:50:54\', \'2022-06-30 02:50:54\')')
 3 SYSTEMPATH\Database\BaseConnection.php(606): CodeIgniter\Database\BaseConnection->simpleQuery('INSERT INTO `productos` (`codigo`, `nombre`, `precio_venta`, `precio_compra`, `stock_minimo`, `inventariable`, `id_unidad`, `id_categoria`, `fecha_alta`, `fecha_edit`) VALUES (\'2343\', \'Jamon\', \'12.00\', \'10.00\', \'6\', \'1\', \'1\', \'2\', \'2022-06-30 02:50:54\', \'2022-06-30 02:50:54\')')
 4 SYSTEMPATH\Database\BaseBuilder.php(1904): CodeIgniter\Database\BaseConnection->query('INSERT INTO `productos` (`codigo`, `nombre`, `precio_venta`, `precio_compra`, `stock_minimo`, `inventariable`, `id_unidad`, `id_categoria`, `fecha_alta`, `fecha_edit`) VALUES (:codigo:, :nombre:, :precio_venta:, :precio_compra:, :stock_minimo:, :inventariable:, :id_unidad:, :id_categoria:, :fecha_alta:, :fecha_edit:)', [...], false)
 5 SYSTEMPATH\Model.php(278): CodeIgniter\Database\BaseBuilder->insert()
 6 SYSTEMPATH\BaseModel.php(738): CodeIgniter\Model->doInsert([...])
 7 SYSTEMPATH\Model.php(666): CodeIgniter\BaseModel->insert([...], false)
 8 SYSTEMPATH\BaseModel.php(658): CodeIgniter\Model->insert([...], false)
 9 APPPATH\Controllers\Productos.php(57): CodeIgniter\BaseModel->save([...])
10 SYSTEMPATH\CodeIgniter.php(898): App\Controllers\Productos->insertar()
11 SYSTEMPATH\CodeIgniter.php(468): CodeIgniter\CodeIgniter->runController(Object(App\Controllers\Productos))
12 SYSTEMPATH\CodeIgniter.php(351): CodeIgniter\CodeIgniter->handleRequest(null, Object(Config\Cache), false)
13 FCPATH\index.php(55): CodeIgniter\CodeIgniter->run()
CRITICAL - 2022-06-30 03:42:49 --> Undefined property: App\Controllers\Clientes::$unidades
in APPPATH\Controllers\Clientes.php on line 49.
 1 APPPATH\Controllers\Clientes.php(49): CodeIgniter\Debug\Exceptions->errorHandler(2, 'Undefined property: App\\Controllers\\Clientes::$unidades', 'APPPATH\\Controllers\\Clientes.php', 49)
 2 SYSTEMPATH\CodeIgniter.php(898): App\Controllers\Clientes->nuevo()
 3 SYSTEMPATH\CodeIgniter.php(468): CodeIgniter\CodeIgniter->runController(Object(App\Controllers\Clientes))
 4 SYSTEMPATH\CodeIgniter.php(351): CodeIgniter\CodeIgniter->handleRequest(null, Object(Config\Cache), false)
 5 FCPATH\index.php(55): CodeIgniter\CodeIgniter->run()
CRITICAL - 2022-06-30 05:24:35 --> Undefined variable $imagen
in APPPATH\Controllers\Productos.php on line 68.
 1 APPPATH\Controllers\Productos.php(68): CodeIgniter\Debug\Exceptions->errorHandler(2, 'Undefined variable $imagen', 'APPPATH\\Controllers\\Productos.php', 68)
 2 SYSTEMPATH\CodeIgniter.php(898): App\Controllers\Productos->insertar()
 3 SYSTEMPATH\CodeIgniter.php(468): CodeIgniter\CodeIgniter->runController(Object(App\Controllers\Productos))
 4 SYSTEMPATH\CodeIgniter.php(351): CodeIgniter\CodeIgniter->handleRequest(null, Object(Config\Cache), false)
 5 FCPATH\index.php(55): CodeIgniter\CodeIgniter->run()
CRITICAL - 2022-06-30 05:25:41 --> Undefined variable $nuevoNombre
in APPPATH\Controllers\Productos.php on line 81.
 1 APPPATH\Controllers\Productos.php(81): CodeIgniter\Debug\Exceptions->errorHandler(2, 'Undefined variable $nuevoNombre', 'APPPATH\\Controllers\\Productos.php', 81)
 2 SYSTEMPATH\CodeIgniter.php(898): App\Controllers\Productos->insertar()
 3 SYSTEMPATH\CodeIgniter.php(468): CodeIgniter\CodeIgniter->runController(Object(App\Controllers\Productos))
 4 SYSTEMPATH\CodeIgniter.php(351): CodeIgniter\CodeIgniter->handleRequest(null, Object(Config\Cache), false)
 5 FCPATH\index.php(55): CodeIgniter\CodeIgniter->run()
CRITICAL - 2022-06-30 05:26:03 --> Undefined variable $nuevoNombre
in APPPATH\Controllers\Productos.php on line 81.
 1 APPPATH\Controllers\Productos.php(81): CodeIgniter\Debug\Exceptions->errorHandler(2, 'Undefined variable $nuevoNombre', 'APPPATH\\Controllers\\Productos.php', 81)
 2 SYSTEMPATH\CodeIgniter.php(898): App\Controllers\Productos->insertar()
 3 SYSTEMPATH\CodeIgniter.php(468): CodeIgniter\CodeIgniter->runController(Object(App\Controllers\Productos))
 4 SYSTEMPATH\CodeIgniter.php(351): CodeIgniter\CodeIgniter->handleRequest(null, Object(Config\Cache), false)
 5 FCPATH\index.php(55): CodeIgniter\CodeIgniter->run()
